#
# There is insufficient memory for the Java Runtime Environment to continue.
# Native memory allocation (mmap) failed to map 257949696 bytes for G1 virtual space
# Possible reasons:
#   The system is out of physical RAM or swap space
#   The process is running with CompressedOops enabled, and the Java Heap may be blocking the growth of the native heap
# Possible solutions:
#   Reduce memory load on the system
#   Increase physical memory or swap space
#   Check if swap backing store is full
#   Decrease Java heap size (-Xmx/-Xms)
#   Decrease number of Java threads
#   Decrease Java thread stack sizes (-Xss)
#   Set larger code cache with -XX:ReservedCodeCacheSize=
#   JVM is running with Zero Based Compressed Oops mode in which the Java heap is
#     placed in the first 32GB address space. The Java Heap base address is the
#     maximum limit for the native heap growth. Please use -XX:HeapBaseMinAddress
#     to set the Java Heap base and to place the Java Heap above 32GB virtual address.
# This output file may be truncated or incomplete.
#
#  Out of Memory Error (os_windows.cpp:3548), pid=37608, tid=21460
#
# JRE version:  (17.0.12+8) (build )
# Java VM: Java HotSpot(TM) 64-Bit Server VM (17.0.12+8-LTS-286, mixed mode, sharing, tiered, compressed oops, compressed class ptrs, g1 gc, windows-amd64)
# No core dump will be written. Minidumps are not enabled by default on client versions of Windows
#

---------------  S U M M A R Y ------------

Command Line: com.google.prefab.cli.AppKt --build-system cmake --platform android --abi arm64-v8a --os-version 24 --stl c++_shared --ndk-version 27 --output C:\\Users\\HP\\AppData\\Local\\Temp\\agp-prefab-staging7471090570499799059\\staged-cli-output C:\\Users\\HP\\.gradle\\caches\\8.14.3\\transforms\\eb6d09c91acf843499bdca80e0a66fd6\\transformed\\react-android-0.81.0-debug\\prefab C:\\Users\\HP\\.gradle\\caches\\8.14.3\\transforms\\5d0a1bdcc2c5d492e0409f1745c7c8f4\\transformed\\hermes-android-0.81.0-debug\\prefab C:\\Users\\HP\\.gradle\\caches\\8.14.3\\transforms\\a18451f415b73841e30da63b3d9805af\\transformed\\fbjni-0.7.0\\prefab

Host: AMD Ryzen 7 7840HS w/ Radeon 780M Graphics     , 16 cores, 15G,  Windows 11 , 64 bit Build 26100 (10.0.26100.4768)
Time: Mon Aug 25 11:28:58 2025 Türkiye Standart Saati elapsed time: 0.009480 seconds (0d 0h 0m 0s)

---------------  T H R E A D  ---------------

Current thread (0x000002338c036f10):  JavaThread "Unknown thread" [_thread_in_vm, id=21460, stack(0x0000004254c00000,0x0000004254d00000)]

Stack: [0x0000004254c00000,0x0000004254d00000]
Native frames: (J=compiled Java code, j=interpreted, Vv=VM code, C=native code)
V  [jvm.dll+0x67a04a]
V  [jvm.dll+0x7da4ed]
V  [jvm.dll+0x7dbe33]
V  [jvm.dll+0x7dc4a3]
V  [jvm.dll+0x24508f]
V  [jvm.dll+0x677089]
V  [jvm.dll+0x66bd32]
V  [jvm.dll+0x301fa6]
V  [jvm.dll+0x309546]
V  [jvm.dll+0x359d2e]
V  [jvm.dll+0x359f5f]
V  [jvm.dll+0x2d9078]
V  [jvm.dll+0x2d9fe4]
V  [jvm.dll+0x7aca21]
V  [jvm.dll+0x367591]
V  [jvm.dll+0x78b999]
V  [jvm.dll+0x3ec83f]
V  [jvm.dll+0x3ee471]
C  [jli.dll+0x5297]
C  [ucrtbase.dll+0x37b0]
C  [KERNEL32.DLL+0x2e8d7]
C  [ntdll.dll+0x3c34c]


---------------  P R O C E S S  ---------------

Threads class SMR info:
_java_thread_list=0x00007ffc2a6b7a18, length=0, elements={
}

Java Threads: ( => current thread )

Other Threads:
  0x000002338c09fa50 GCTaskThread "GC Thread#0" [stack: 0x0000004254d00000,0x0000004254e00000] [id=18092]
  0x000002338c0b2920 ConcurrentGCThread "G1 Main Marker" [stack: 0x0000004254e00000,0x0000004254f00000] [id=36304]
  0x000002338c0b3140 ConcurrentGCThread "G1 Conc#0" [stack: 0x0000004254f00000,0x0000004255000000] [id=32224]

[error occurred during error reporting (printing all threads), id 0xc0000005, EXCEPTION_ACCESS_VIOLATION (0xc0000005) at pc=0x00007ffc29ee9b67]

VM state: not at safepoint (not fully initialized)

VM Mutex/Monitor currently owned by a thread:  ([mutex/lock_event])
[0x000002338c032370] Heap_lock - owner thread: 0x000002338c036f10

Heap address: 0x000000070b600000, size: 3914 MB, Compressed Oops mode: Zero based, Oop shift amount: 3

CDS archive(s) mapped at: [0x0000000000000000-0x0000000000000000-0x0000000000000000), size 0, SharedBaseAddress: 0x0000000800000000, ArchiveRelocationMode: 1.
Narrow klass base: 0x0000000000000000, Narrow klass shift: 0, Narrow klass range: 0x0

GC Precious Log:
<Empty>

Heap:
 garbage-first heap   total 0K, used 0K [0x000000070b600000, 0x0000000800000000)
  region size 2048K, 0 young (0K), 0 survivors (0K)

[error occurred during error reporting (printing heap information), id 0xc0000005, EXCEPTION_ACCESS_VIOLATION (0xc0000005) at pc=0x00007ffc2a2d3859]

GC Heap History (0 events):
No events

Deoptimization events (0 events):
No events

Classes unloaded (0 events):
No events

Classes redefined (0 events):
No events

Internal exceptions (0 events):
No events

VM Operations (0 events):
No events

Events (1 events):
Event: 0.006 Loaded shared library C:\Program Files\Java\jdk-17\bin\java.dll


Dynamic libraries:
0x00007ff7cff10000 - 0x00007ff7cff20000 	C:\Program Files\Java\jdk-17\bin\java.exe
0x00007ffd10b60000 - 0x00007ffd10dc7000 	C:\WINDOWS\SYSTEM32\ntdll.dll
0x00007ffd10050000 - 0x00007ffd10119000 	C:\WINDOWS\System32\KERNEL32.DLL
0x00007ffd0e370000 - 0x00007ffd0e760000 	C:\WINDOWS\System32\KERNELBASE.dll
0x00007ffd0dd40000 - 0x00007ffd0de8b000 	C:\WINDOWS\System32\ucrtbase.dll
0x00007ffcbdac0000 - 0x00007ffcbdadb000 	C:\Program Files\Java\jdk-17\bin\VCRUNTIME140.dll
0x00007ffcbdae0000 - 0x00007ffcbdaf9000 	C:\Program Files\Java\jdk-17\bin\jli.dll
0x00007ffd10a60000 - 0x00007ffd10b14000 	C:\WINDOWS\System32\ADVAPI32.dll
0x00007ffd10120000 - 0x00007ffd101c9000 	C:\WINDOWS\System32\msvcrt.dll
0x00007ffd0f940000 - 0x00007ffd0f9e6000 	C:\WINDOWS\System32\sechost.dll
0x00007ffd0e9f0000 - 0x00007ffd0eb08000 	C:\WINDOWS\System32\RPCRT4.dll
0x00007ffd10650000 - 0x00007ffd10815000 	C:\WINDOWS\System32\USER32.dll
0x00007ffd0de90000 - 0x00007ffd0deb7000 	C:\WINDOWS\System32\win32u.dll
0x00007ffcf88f0000 - 0x00007ffcf8b8a000 	C:\WINDOWS\WinSxS\amd64_microsoft.windows.common-controls_6595b64144ccf1df_6.0.26100.4768_none_3e0c112ce331287c\COMCTL32.dll
0x00007ffd10280000 - 0x00007ffd102ab000 	C:\WINDOWS\System32\GDI32.dll
0x00007ffd0dec0000 - 0x00007ffd0dff8000 	C:\WINDOWS\System32\gdi32full.dll
0x00007ffd0dc90000 - 0x00007ffd0dd33000 	C:\WINDOWS\System32\msvcp_win.dll
0x00007ffd01430000 - 0x00007ffd0143b000 	C:\WINDOWS\SYSTEM32\VERSION.dll
0x00007ffd10240000 - 0x00007ffd1026f000 	C:\WINDOWS\System32\IMM32.DLL
0x00007ffcdabc0000 - 0x00007ffcdabcc000 	C:\Program Files\Java\jdk-17\bin\vcruntime140_1.dll
0x00007ffca30a0000 - 0x00007ffca312e000 	C:\Program Files\Java\jdk-17\bin\msvcp140.dll
0x00007ffc29c00000 - 0x00007ffc2a7e0000 	C:\Program Files\Java\jdk-17\bin\server\jvm.dll
0x00007ffd0fda0000 - 0x00007ffd0fda8000 	C:\WINDOWS\System32\PSAPI.DLL
0x00007ffcc0aa0000 - 0x00007ffcc0aaa000 	C:\WINDOWS\SYSTEM32\WSOCK32.dll
0x00007ffd017b0000 - 0x00007ffd017e5000 	C:\WINDOWS\SYSTEM32\WINMM.dll
0x00007ffd0ffd0000 - 0x00007ffd10044000 	C:\WINDOWS\System32\WS2_32.dll
0x00007ffd0cb30000 - 0x00007ffd0cb4b000 	C:\WINDOWS\SYSTEM32\kernel.appcore.dll
0x00007ffcd8150000 - 0x00007ffcd815a000 	C:\Program Files\Java\jdk-17\bin\jimage.dll
0x00007ffcfdd80000 - 0x00007ffcfdfc1000 	C:\WINDOWS\SYSTEM32\DBGHELP.DLL
0x00007ffd102b0000 - 0x00007ffd10635000 	C:\WINDOWS\System32\combase.dll
0x00007ffd0fb80000 - 0x00007ffd0fc60000 	C:\WINDOWS\System32\OLEAUT32.dll
0x00007ffccd850000 - 0x00007ffccd893000 	C:\WINDOWS\SYSTEM32\dbgcore.DLL
0x00007ffd0e0c0000 - 0x00007ffd0e159000 	C:\WINDOWS\System32\bcryptPrimitives.dll
0x00007ffcbda90000 - 0x00007ffcbdab5000 	C:\Program Files\Java\jdk-17\bin\java.dll

dbghelp: loaded successfully - version: 4.0.5 - missing functions: none
symbol engine: initialized successfully - sym options: 0x614 - pdb path: .;C:\Program Files\Java\jdk-17\bin;C:\WINDOWS\SYSTEM32;C:\WINDOWS\WinSxS\amd64_microsoft.windows.common-controls_6595b64144ccf1df_6.0.26100.4768_none_3e0c112ce331287c;C:\Program Files\Java\jdk-17\bin\server

VM Arguments:
java_command: com.google.prefab.cli.AppKt --build-system cmake --platform android --abi arm64-v8a --os-version 24 --stl c++_shared --ndk-version 27 --output C:\\Users\\HP\\AppData\\Local\\Temp\\agp-prefab-staging7471090570499799059\\staged-cli-output C:\\Users\\HP\\.gradle\\caches\\8.14.3\\transforms\\eb6d09c91acf843499bdca80e0a66fd6\\transformed\\react-android-0.81.0-debug\\prefab C:\\Users\\HP\\.gradle\\caches\\8.14.3\\transforms\\5d0a1bdcc2c5d492e0409f1745c7c8f4\\transformed\\hermes-android-0.81.0-debug\\prefab C:\\Users\\HP\\.gradle\\caches\\8.14.3\\transforms\\a18451f415b73841e30da63b3d9805af\\transformed\\fbjni-0.7.0\\prefab
java_class_path (initial): C:\\Users\\HP\\.gradle\\caches\\modules-2\\files-2.1\\com.google.prefab\\cli\\2.1.0\\aa32fec809c44fa531f01dcfb739b5b3304d3050\\cli-2.1.0-all.jar
Launcher Type: SUN_STANDARD

[Global flags]
     intx CICompilerCount                          = 12                                        {product} {ergonomic}
     uint ConcGCThreads                            = 3                                         {product} {ergonomic}
     uint G1ConcRefinementThreads                  = 13                                        {product} {ergonomic}
   size_t G1HeapRegionSize                         = 2097152                                   {product} {ergonomic}
    uintx GCDrainStackTargetSize                   = 64                                        {product} {ergonomic}
   size_t InitialHeapSize                          = 257949696                                 {product} {ergonomic}
   size_t MarkStackSize                            = 4194304                                   {product} {ergonomic}
   size_t MaxHeapSize                              = 4104126464                                {product} {ergonomic}
   size_t MinHeapDeltaBytes                        = 2097152                                   {product} {ergonomic}
   size_t MinHeapSize                              = 8388608                                   {product} {ergonomic}
    uintx NonNMethodCodeHeapSize                   = 7602480                                {pd product} {ergonomic}
    uintx NonProfiledCodeHeapSize                  = 122027880                              {pd product} {ergonomic}
    uintx ProfiledCodeHeapSize                     = 122027880                              {pd product} {ergonomic}
    uintx ReservedCodeCacheSize                    = 251658240                              {pd product} {ergonomic}
     bool SegmentedCodeCache                       = true                                      {product} {ergonomic}
   size_t SoftMaxHeapSize                          = 4104126464                             {manageable} {ergonomic}
     bool UseCompressedClassPointers               = true                           {product lp64_product} {ergonomic}
     bool UseCompressedOops                        = true                           {product lp64_product} {ergonomic}
     bool UseG1GC                                  = true                                      {product} {ergonomic}
     bool UseLargePagesIndividualAllocation        = false                                  {pd product} {ergonomic}

Logging:
Log output configuration:
 #0: stdout all=warning uptime,level,tags
 #1: stderr all=off uptime,level,tags

Environment Variables:
JAVA_HOME=C:\Program Files\Java\jdk-17
PATH=C:\Users\HP\AndroidStudioProjects\MobilECommerce\node_modules\.bin;C:\Users\HP\AndroidStudioProjects\MobilECommerce\node_modules\.bin;C:\Users\HP\AndroidStudioProjects\node_modules\.bin;C:\Users\HP\node_modules\.bin;C:\Users\node_modules\.bin;C:\node_modules\.bin;C:\Program Files\nodejs\node_modules\npm\node_modules\@npmcli\run-script\lib\node-gyp-bin;C:\Program Files\Eclipse Adoptium\jdk-17.0.16.8-hotspot\bin;C:\Program Files\Common Files\Oracle\Java\javapath;C:\Program Files (x86)\Common Files\Oracle\Java\javapath;C:\windows\system32;C:\windows;C:\windows\System32\Wbem;C:\windows\System32\WindowsPowerShell\v1.0\;C:\windows\System32\OpenSSH\;C:\Program Files (x86)\NVIDIA Corporation\PhysX\Common;C:\Users\Administrator\AppData\Local\Microsoft\WindowsApps;C:\Program Files\HP\OMEN-Broadcast\Common;C:\Program Files\Microsoft SQL Server\Client SDK\ODBC\170\Tools\Binn\;C:\Program Files (x86)\Microsoft SQL Server\150\Tools\Binn\;C:\Program Files\Microsoft SQL Server\150\Tools\Binn\;C:\Program Files\Microsoft SQL Server\150\DTS\Binn\;C:\Program Files (x86)\Microsoft SQL Server\150\DTS\Binn\;C:\Program Files\Git\cmd;C:\Program Files\dotnet\;C:\Program Files (x86)\Windows Kits\10\Windows Performance Toolkit\;C:\WINDOWS\system32;C:\WINDOWS;C:\WINDOWS\System32\Wbem;C:\WINDOWS\System32\WindowsPowerShell\v1.0\;C:\WINDOWS\System32\OpenSSH\;C:\Program Files\NVIDIA Corporation\NVIDIA app\NvDLISR;C:\Program Files\nodejs\;C:\Program Files (x86)\Yarn\bin\;C:\Users\HP\AppData\Local\Android\Sdk\platform-tools;C:\Program Files\Java\jdk-17\bin;C:\Users\HP\AppData\Local\Android\Sdk\emulator;C:\Users\HP\AppData\Local\Android\Sdk\tools;C:\Users\HP\AppData\Local\Android\Sdk\tools\bin;C:\Users\HP\AppData\Local\Android\Sdk\platform-tools;C:\Users\HP\AppData\Local\Programs\Microsoft VS Code\bin;C:\Users\HP\AppData\Local\Yarn\bin;C:\Users\HP\AppData\Roaming\npm\node_modules\yarn\bin;
USERNAME=HP
OS=Windows_NT
PROCESSOR_IDENTIFIER=AMD64 Family 25 Model 116 Stepping 1, AuthenticAMD



---------------  S Y S T E M  ---------------

OS:
 Windows 11 , 64 bit Build 26100 (10.0.26100.4768)
OS uptime: 11 days 18:54 hours
Hyper-V role detected

CPU: total 16 (initial active 16) (16 cores per cpu, 2 threads per core) family 25 model 116 stepping 1 microcode 0xa704109, cx8, cmov, fxsr, ht, mmx, 3dnowpref, sse, sse2, sse3, ssse3, sse4a, sse4.1, sse4.2, popcnt, lzcnt, tsc, tscinvbit, avx, avx2, aes, erms, clmul, bmi1, bmi2, adx, avx512f, avx512dq, avx512cd, avx512bw, avx512vl, sha, fma, vzeroupper, avx512_vpopcntdq, avx512_vpclmulqdq, avx512_vaes, avx512_vnni, clflush, clflushopt, avx512_vbmi2, avx512_vbmi, hv

Memory: 4k page, system-wide physical 15654M (684M free)
TotalPageFile size 42081M (AvailPageFile size 187M)
current process WorkingSet (physical memory assigned to process): 12M, peak: 12M
current process commit charge ("private bytes"): 70M, peak: 316M

vm_info: Java HotSpot(TM) 64-Bit Server VM (17.0.12+8-LTS-286) for windows-amd64 JRE (17.0.12+8-LTS-286), built on Jun  5 2024 06:46:59 by "mach5one" with MS VC++ 17.6 (VS2022)

END.
